# JRE version: OpenJDK Runtime Environment (8.0_152-b02) (build 1.8.0_152-release-1024-b02)
# Java VM: OpenJDK 64-Bit Server VM (25.152-b02 mixed mode windows-amd64 compressed oops)
Heap:
 PSYoungGen      total 169472K, used 1736K [0x00000000e0000000, 0x00000000ed280000, 0x0000000100000000)
  eden space 157696K, 0% used [0x00000000e0000000,0x00000000e0000000,0x00000000e9a00000)
  from space 11776K, 14% used [0x00000000e9a00000,0x00000000e9bb2370,0x00000000ea580000)
  to   space 11264K, 0% used [0x00000000ea580000,0x00000000ea580000,0x00000000eb080000)
 ParOldGen       total 59392K, used 16537K [0x00000000a0000000, 0x00000000a3a00000, 0x00000000e0000000)
  object space 59392K, 27% used [0x00000000a0000000,0x00000000a1026598,0x00000000a3a00000)
 Metaspace       used 36401K, capacity 37052K, committed 37208K, reserved 1085440K
  class space    used 4918K, capacity 5162K, committed 5248K, reserved 1048576K
GC Heap History (10 events):
Event: 5.573 GC heap after
Heap after GC invocations=7 (full 1):
 PSYoungGen      total 111104K, used 7661K [0x00000000e0000000, 0x00000000e9380000, 0x0000000100000000)
  eden space 103424K, 0% used [0x00000000e0000000,0x00000000e0000000,0x00000000e6500000)
  from space 7680K, 99% used [0x00000000e8c00000,0x00000000e937b710,0x00000000e9380000)
  to   space 10240K, 0% used [0x00000000e7f80000,0x00000000e7f80000,0x00000000e8980000)
 ParOldGen       total 59392K, used 7908K [0x00000000a0000000, 0x00000000a3a00000, 0x00000000e0000000)
  object space 59392K, 13% used [0x00000000a0000000,0x00000000a07b9038,0x00000000a3a00000)
 Metaspace       used 26144K, capacity 26742K, committed 26880K, reserved 1073152K
  class space    used 3593K, capacity 3768K, committed 3840K, reserved 1048576K
}
Event: 8.490 GC heap before
{Heap before GC invocations=8 (full 1):
 PSYoungGen      total 111104K, used 111085K [0x00000000e0000000, 0x00000000e9380000, 0x0000000100000000)
  eden space 103424K, 100% used [0x00000000e0000000,0x00000000e6500000,0x00000000e6500000)
  from space 7680K, 99% used [0x00000000e8c00000,0x00000000e937b710,0x00000000e9380000)
  to   space 10240K, 0% used [0x00000000e7f80000,0x00000000e7f80000,0x00000000e8980000)
 ParOldGen       total 59392K, used 7908K [0x00000000a0000000, 0x00000000a3a00000, 0x00000000e0000000)
  object space 59392K, 13% used [0x00000000a0000000,0x00000000a07b9038,0x00000000a3a00000)
 Metaspace       used 30952K, capacity 31526K, committed 31616K, reserved 1077248K
  class space    used 4213K, capacity 4422K, committed 4480K, reserved 1048576K
Event: 8.521 GC heap after
Heap after GC invocations=8 (full 1):
 PSYoungGen      total 140800K, used 9415K [0x00000000e0000000, 0x00000000eb080000, 0x0000000100000000)
  eden space 130560K, 0% used [0x00000000e0000000,0x00000000e0000000,0x00000000e7f80000)
  from space 10240K, 91% used [0x00000000e7f80000,0x00000000e88b1ca0,0x00000000e8980000)
  to   space 11264K, 0% used [0x00000000ea580000,0x00000000ea580000,0x00000000eb080000)
 ParOldGen       total 59392K, used 7916K [0x00000000a0000000, 0x00000000a3a00000, 0x00000000e0000000)
  object space 59392K, 13% used [0x00000000a0000000,0x00000000a07bb038,0x00000000a3a00000)
 Metaspace       used 30952K, capacity 31526K, committed 31616K, reserved 1077248K
  class space    used 4213K, capacity 4422K, committed 4480K, reserved 1048576K
}
Event: 14.691 GC heap before
{Heap before GC invocations=9 (full 1):
 PSYoungGen      total 140800K, used 59253K [0x00000000e0000000, 0x00000000eb080000, 0x0000000100000000)
  eden space 130560K, 38% used [0x00000000e0000000,0x00000000e30ab8c0,0x00000000e7f80000)
  from space 10240K, 91% used [0x00000000e7f80000,0x00000000e88b1ca0,0x00000000e8980000)
  to   space 11264K, 0% used [0x00000000ea580000,0x00000000ea580000,0x00000000eb080000)
 ParOldGen       total 59392K, used 7916K [0x00000000a0000000, 0x00000000a3a00000, 0x00000000e0000000)
  object space 59392K, 13% used [0x00000000a0000000,0x00000000a07bb038,0x00000000a3a00000)
 Metaspace       used 34659K, capacity 35292K, committed 35416K, reserved 1079296K
  class space    used 4722K, capacity 4960K, committed 4992K, reserved 1048576K
Event: 14.707 GC heap after
Heap after GC invocations=9 (full 1):
 PSYoungGen      total 168960K, used 10011K [0x00000000e0000000, 0x00000000ed280000, 0x0000000100000000)
  eden space 157696K, 0% used [0x00000000e0000000,0x00000000e0000000,0x00000000e9a00000)
  from space 11264K, 88% used [0x00000000ea580000,0x00000000eaf46da8,0x00000000eb080000)
  to   space 11776K, 0% used [0x00000000e9a00000,0x00000000e9a00000,0x00000000ea580000)
 ParOldGen       total 59392K, used 7988K [0x00000000a0000000, 0x00000000a3a00000, 0x00000000e0000000)
  object space 59392K, 13% used [0x00000000a0000000,0x00000000a07cd048,0x00000000a3a00000)
 Metaspace       used 34659K, capacity 35292K, committed 35416K, reserved 1079296K
  class space    used 4722K, capacity 4960K, committed 4992K, reserved 1048576K
}
Event: 14.707 GC heap before
{Heap before GC invocations=10 (full 2):
 PSYoungGen      total 168960K, used 10011K [0x00000000e0000000, 0x00000000ed280000, 0x0000000100000000)
  eden space 157696K, 0% used [0x00000000e0000000,0x00000000e0000000,0x00000000e9a00000)
  from space 11264K, 88% used [0x00000000ea580000,0x00000000eaf46da8,0x00000000eb080000)
  to   space 11776K, 0% used [0x00000000e9a00000,0x00000000e9a00000,0x00000000ea580000)
 ParOldGen       total 59392K, used 7988K [0x00000000a0000000, 0x00000000a3a00000, 0x00000000e0000000)
  object space 59392K, 13% used [0x00000000a0000000,0x00000000a07cd048,0x00000000a3a00000)
 Metaspace       used 34659K, capacity 35292K, committed 35416K, reserved 1079296K
  class space    used 4722K, capacity 4960K, committed 4992K, reserved 1048576K
Event: 14.823 GC heap after
Heap after GC invocations=10 (full 2):
 PSYoungGen      total 168960K, used 0K [0x00000000e0000000, 0x00000000ed280000, 0x0000000100000000)
  eden space 157696K, 0% used [0x00000000e0000000,0x00000000e0000000,0x00000000e9a00000)
  from space 11264K, 0% used [0x00000000ea580000,0x00000000ea580000,0x00000000eb080000)
  to   space 11776K, 0% used [0x00000000e9a00000,0x00000000e9a00000,0x00000000ea580000)
 ParOldGen       total 59392K, used 16537K [0x00000000a0000000, 0x00000000a3a00000, 0x00000000e0000000)
  object space 59392K, 27% used [0x00000000a0000000,0x00000000a1026598,0x00000000a3a00000)
 Metaspace       used 34659K, capacity 35292K, committed 35416K, reserved 1079296K
  class space    used 4722K, capacity 4960K, committed 4992K, reserved 1048576K
}
Event: 15.036 GC heap before
{Heap before GC invocations=11 (full 2):
 PSYoungGen      total 168960K, used 13675K [0x00000000e0000000, 0x00000000ed280000, 0x0000000100000000)
  eden space 157696K, 8% used [0x00000000e0000000,0x00000000e0d5ae78,0x00000000e9a00000)
  from space 11264K, 0% used [0x00000000ea580000,0x00000000ea580000,0x00000000eb080000)
  to   space 11776K, 0% used [0x00000000e9a00000,0x00000000e9a00000,0x00000000ea580000)
 ParOldGen       total 59392K, used 16537K [0x00000000a0000000, 0x00000000a3a00000, 0x00000000e0000000)
  object space 59392K, 27% used [0x00000000a0000000,0x00000000a1026598,0x00000000a3a00000)
 Metaspace       used 36401K, capacity 37052K, committed 37208K, reserved 1085440K
  class space    used 4918K, capacity 5162K, committed 5248K, reserved 1048576K
Event: 15.039 GC heap after
Heap after GC invocations=11 (full 2):
 PSYoungGen      total 169472K, used 1736K [0x00000000e0000000, 0x00000000ed280000, 0x0000000100000000)
  eden space 157696K, 0% used [0x00000000e0000000,0x00000000e0000000,0x00000000e9a00000)
  from space 11776K, 14% used [0x00000000e9a00000,0x00000000e9bb2370,0x00000000ea580000)
  to   space 11264K, 0% used [0x00000000ea580000,0x00000000ea580000,0x00000000eb080000)
 ParOldGen       total 59392K, used 16537K [0x00000000a0000000, 0x00000000a3a00000, 0x00000000e0000000)
  object space 59392K, 27% used [0x00000000a0000000,0x00000000a1026598,0x00000000a3a00000)
 Metaspace       used 36401K, capacity 37052K, committed 37208K, reserved 1085440K
  class space    used 4918K, capacity 5162K, committed 5248K, reserved 1048576K
}
Event: 15.039 GC heap before
{Heap before GC invocations=12 (full 3):
 PSYoungGen      total 169472K, used 1736K [0x00000000e0000000, 0x00000000ed280000, 0x0000000100000000)
  eden space 157696K, 0% used [0x00000000e0000000,0x00000000e0000000,0x00000000e9a00000)
  from space 11776K, 14% used [0x00000000e9a00000,0x00000000e9bb2370,0x00000000ea580000)
  to   space 11264K, 0% used [0x00000000ea580000,0x00000000ea580000,0x00000000eb080000)
 ParOldGen       total 59392K, used 16537K [0x00000000a0000000, 0x00000000a3a00000, 0x00000000e0000000)
  object space 59392K, 27% used [0x00000000a0000000,0x00000000a1026598,0x00000000a3a00000)
 Metaspace       used 36401K, capacity 37052K, committed 37208K, reserved 1085440K
  class space    used 4918K, capacity 5162K, committed 5248K, reserved 1048576K

